[debug] [2021-05-22T15:28:31.302Z] ----------------------------------------------------------------------
[debug] [2021-05-22T15:28:31.305Z] Command:       /usr/local/bin/firebase /Users/jerichocasuga/.cache/firebase/tools/lib/node_modules/firebase-tools/lib/bin/firebase serve
[debug] [2021-05-22T15:28:31.305Z] CLI Version:   9.11.0
[debug] [2021-05-22T15:28:31.305Z] Platform:      darwin
[debug] [2021-05-22T15:28:31.305Z] Node Version:  v12.18.1
[debug] [2021-05-22T15:28:31.306Z] Time:          Sat May 22 2021 23:28:31 GMT+0800 (Philippine Standard Time)
[debug] [2021-05-22T15:28:31.307Z] ----------------------------------------------------------------------
[debug] 
[debug] [2021-05-22T15:28:31.317Z] > command requires scopes: ["email","openid","https://www.googleapis.com/auth/cloudplatformprojects.readonly","https://www.googleapis.com/auth/firebase","https://www.googleapis.com/auth/cloud-platform"]
[debug] [2021-05-22T15:28:31.318Z] > authorizing via signed-in user (jericho.casuga@lorma.edu)
[debug] [2021-05-22T15:28:31.318Z] [iam] checking project login-46ca6 for permissions ["firebase.projects.get"]
[debug] [2021-05-22T15:28:31.320Z] > refreshing access token with scopes: ["email","https://www.googleapis.com/auth/cloud-platform","https://www.googleapis.com/auth/cloudplatformprojects.readonly","https://www.googleapis.com/auth/firebase","openid"]
[debug] [2021-05-22T15:28:31.320Z] >>> HTTP REQUEST POST https://www.googleapis.com/oauth2/v3/token  
 <request body omitted>
[debug] [2021-05-22T15:28:31.553Z] <<< HTTP RESPONSE 200 {"expires":"Mon, 01 Jan 1990 00:00:00 GMT","date":"Sat, 22 May 2021 15:28:31 GMT","pragma":"no-cache","cache-control":"no-cache, no-store, max-age=0, must-revalidate","content-type":"application/json; charset=utf-8","vary":"X-Origin, Referer, Origin,Accept-Encoding","server":"scaffolding on HTTPServer2","x-xss-protection":"0","x-frame-options":"SAMEORIGIN","x-content-type-options":"nosniff","alt-svc":"h3-29=\":443\"; ma=2592000,h3-T051=\":443\"; ma=2592000,h3-Q050=\":443\"; ma=2592000,h3-Q046=\":443\"; ma=2592000,h3-Q043=\":443\"; ma=2592000,quic=\":443\"; ma=2592000; v=\"46,43\"","accept-ranges":"none","transfer-encoding":"chunked"}
[debug] [2021-05-22T15:28:31.580Z] >>> HTTP REQUEST POST https://cloudresourcemanager.googleapis.com/v1/projects/login-46ca6:testIamPermissions  
 {"permissions":["firebase.projects.get"]}
[debug] [2021-05-22T15:28:32.665Z] <<< HTTP RESPONSE 200 {"content-type":"application/json; charset=UTF-8","vary":"X-Origin, Referer, Origin,Accept-Encoding","date":"Sat, 22 May 2021 15:28:32 GMT","server":"ESF","cache-control":"private","x-xss-protection":"0","x-frame-options":"SAMEORIGIN","x-content-type-options":"nosniff","server-timing":"gfet4t7; dur=823","alt-svc":"h3-29=\":443\"; ma=2592000,h3-T051=\":443\"; ma=2592000,h3-Q050=\":443\"; ma=2592000,h3-Q046=\":443\"; ma=2592000,h3-Q043=\":443\"; ma=2592000,quic=\":443\"; ma=2592000; v=\"46,43\"","accept-ranges":"none","transfer-encoding":"chunked"}
[debug] [2021-05-22T15:28:32.667Z] > refreshing access token with scopes: []
[debug] [2021-05-22T15:28:32.667Z] >>> HTTP REQUEST POST https://www.googleapis.com/oauth2/v3/token  
 <request body omitted>
[debug] [2021-05-22T15:28:32.820Z] <<< HTTP RESPONSE 200 {"expires":"Mon, 01 Jan 1990 00:00:00 GMT","date":"Sat, 22 May 2021 15:28:32 GMT","pragma":"no-cache","cache-control":"no-cache, no-store, max-age=0, must-revalidate","content-type":"application/json; charset=utf-8","vary":"X-Origin, Referer, Origin,Accept-Encoding","server":"scaffolding on HTTPServer2","x-xss-protection":"0","x-frame-options":"SAMEORIGIN","x-content-type-options":"nosniff","alt-svc":"h3-29=\":443\"; ma=2592000,h3-T051=\":443\"; ma=2592000,h3-Q050=\":443\"; ma=2592000,h3-Q046=\":443\"; ma=2592000,h3-Q043=\":443\"; ma=2592000,quic=\":443\"; ma=2592000; v=\"46,43\"","accept-ranges":"none","transfer-encoding":"chunked"}
[debug] [2021-05-22T15:28:32.845Z] >>> [apiv2][query] GET https://firebase.googleapis.com/v1beta1/projects/login-46ca6 [none]
[debug] [2021-05-22T15:28:33.288Z] <<< [apiv2][status] GET https://firebase.googleapis.com/v1beta1/projects/login-46ca6 200
[debug] [2021-05-22T15:28:33.288Z] <<< [apiv2][body] GET https://firebase.googleapis.com/v1beta1/projects/login-46ca6 {"projectId":"login-46ca6","projectNumber":"260003938658","displayName":"GoogleLogin","name":"projects/login-46ca6","resources":{"hostingSite":"login-46ca6"},"state":"ACTIVE"}
[info] 
[info] === Serving from '/Users/jerichocasuga/google'...
[info] 
[debug] [2021-05-22T15:28:33.291Z] >>> [apiv2][query] GET https://firebasehosting.googleapis.com/v1beta1/projects/login-46ca6/sites 
[debug] [2021-05-22T15:28:34.612Z] <<< [apiv2][status] GET https://firebasehosting.googleapis.com/v1beta1/projects/login-46ca6/sites 200
[debug] [2021-05-22T15:28:34.613Z] <<< [apiv2][body] GET https://firebasehosting.googleapis.com/v1beta1/projects/login-46ca6/sites {"sites":[{"name":"projects/260003938658/sites/login-46ca6","defaultUrl":"https://login-46ca6.web.app","type":"DEFAULT_SITE"}]}
[debug] [2021-05-22T15:28:34.613Z] >>> [apiv2][query] GET https://firebase.googleapis.com/v1beta1/projects/login-46ca6/webApps/-/config [none]
[debug] [2021-05-22T15:28:36.455Z] <<< [apiv2][status] GET https://firebase.googleapis.com/v1beta1/projects/login-46ca6/webApps/-/config 200
[debug] [2021-05-22T15:28:36.456Z] <<< [apiv2][body] GET https://firebase.googleapis.com/v1beta1/projects/login-46ca6/webApps/-/config {"projectId":"login-46ca6","appId":"1:260003938658:web:29db170cdf2bfec4742c3b","storageBucket":"login-46ca6.appspot.com","apiKey":"AIzaSyA3jyQjgxQZ6I2fxhY9GGc5irdunEDul88","authDomain":"login-46ca6.firebaseapp.com","messagingSenderId":"260003938658"}
[warn] ⚠  hosting: Port 5000 is not available. Trying another port... {"metadata":{"emulator":{"name":"hosting"},"message":"\u001b[33mhosting: \u001b[39mPort 5000 is not available. Trying another port..."}}
[info] i  hosting: Serving hosting files from: public {"metadata":{"emulator":{"name":"hosting"},"message":"Serving hosting files from: \u001b[1mpublic\u001b[22m"}}
[info] ✔  hosting: Local server: http://localhost:5005 {"metadata":{"emulator":{"name":"hosting"},"message":"Local server: \u001b[4m\u001b[1mhttp://localhost:5005\u001b[22m\u001b[24m"}}
[info] i  hosting: 127.0.0.1 - - [22/May/2021:15:28:43 +0000] "GET / HTTP/1.1" 200 2167 "-" "Mozilla/5.0 (Macintosh; Intel Mac OS X 10_15_7) AppleWebKit/537.36 (KHTML, like Gecko) Chrome/90.0.4430.212 Safari/537.36" {"metadata":{"emulator":{"name":"hosting"},"message":"127.0.0.1 - - [22/May/2021:15:28:43 +0000] \"GET / HTTP/1.1\" 200 2167 \"-\" \"Mozilla/5.0 (Macintosh; Intel Mac OS X 10_15_7) AppleWebKit/537.36 (KHTML, like Gecko) Chrome/90.0.4430.212 Safari/537.36\""}}
[info] i  hosting: 127.0.0.1 - - [22/May/2021:15:28:43 +0000] "GET /style.css HTTP/1.1" 200 1504 "http://localhost:5005/" "Mozilla/5.0 (Macintosh; Intel Mac OS X 10_15_7) AppleWebKit/537.36 (KHTML, like Gecko) Chrome/90.0.4430.212 Safari/537.36" {"metadata":{"emulator":{"name":"hosting"},"message":"127.0.0.1 - - [22/May/2021:15:28:43 +0000] \"GET /style.css HTTP/1.1\" 200 1504 \"http://localhost:5005/\" \"Mozilla/5.0 (Macintosh; Intel Mac OS X 10_15_7) AppleWebKit/537.36 (KHTML, like Gecko) Chrome/90.0.4430.212 Safari/537.36\""}}
[info] i  hosting: 127.0.0.1 - - [22/May/2021:15:28:54 +0000] "GET / HTTP/1.1" 200 2167 "-" "Mozilla/5.0 (Macintosh; Intel Mac OS X 10_15_7) AppleWebKit/537.36 (KHTML, like Gecko) Chrome/90.0.4430.212 Safari/537.36" {"metadata":{"emulator":{"name":"hosting"},"message":"127.0.0.1 - - [22/May/2021:15:28:54 +0000] \"GET / HTTP/1.1\" 200 2167 \"-\" \"Mozilla/5.0 (Macintosh; Intel Mac OS X 10_15_7) AppleWebKit/537.36 (KHTML, like Gecko) Chrome/90.0.4430.212 Safari/537.36\""}}
[info] i  hosting: 127.0.0.1 - - [22/May/2021:15:30:16 +0000] "GET / HTTP/1.1" 200 2163 "-" "Mozilla/5.0 (Macintosh; Intel Mac OS X 10_15_7) AppleWebKit/537.36 (KHTML, like Gecko) Chrome/90.0.4430.212 Safari/537.36" {"metadata":{"emulator":{"name":"hosting"},"message":"127.0.0.1 - - [22/May/2021:15:30:16 +0000] \"GET / HTTP/1.1\" 200 2163 \"-\" \"Mozilla/5.0 (Macintosh; Intel Mac OS X 10_15_7) AppleWebKit/537.36 (KHTML, like Gecko) Chrome/90.0.4430.212 Safari/537.36\""}}
